2026-03-16 18:58:38,594 - [SearchAgent] DEBUG: CrossRef API 返回 404: https://api.crossref.org/works/10.48550/arXiv.1706.03762
2026-03-16 18:58:38,867 - [SearchAgent] DEBUG: CrossRef API 返回 404: https://api.crossref.org/works/10.5555/arXiv.1706.03762
2026-03-16 18:58:39,139 - [SearchAgent] DEBUG: CrossRef API 返回 404: https://api.crossref.org/works/10.48550/arxiv.1706.03762
2026-03-16 19:12:39,939 - [SearchAgent] DEBUG: CrossRef API 返回 404: https://api.crossref.org/works/10.48550/arXiv.1706.03762
2026-03-16 19:12:40,231 - [SearchAgent] DEBUG: CrossRef API 返回 404: https://api.crossref.org/works/10.5555/arXiv.1706.03762
2026-03-16 19:12:40,520 - [SearchAgent] DEBUG: CrossRef API 返回 404: https://api.crossref.org/works/10.48550/arxiv.1706.03762
2026-03-16 19:12:44,641 - [SearchAgent] DEBUG: CrossRef 匹配成功: 相似度=1.00
2026-03-16 19:12:44,928 - [SearchAgent] DEBUG: CrossRef API 返回 404: https://api.crossref.org/works/10.48550/arXiv.1810.04805
2026-03-16 19:12:45,219 - [SearchAgent] DEBUG: CrossRef API 返回 404: https://api.crossref.org/works/10.5555/arXiv.1810.04805
2026-03-16 19:12:45,506 - [SearchAgent] DEBUG: CrossRef API 返回 404: https://api.crossref.org/works/10.48550/arxiv.1810.04805
2026-03-16 19:12:48,225 - [SearchAgent] DEBUG: CrossRef API 返回 404: https://api.crossref.org/works/10.48550/arXiv.2401.00001
2026-03-16 19:12:48,514 - [SearchAgent] DEBUG: CrossRef API 返回 404: https://api.crossref.org/works/10.5555/arXiv.2401.00001
2026-03-16 19:12:48,802 - [SearchAgent] DEBUG: CrossRef API 返回 404: https://api.crossref.org/works/10.48550/arxiv.2401.00001
2026-03-16 19:12:52,266 - [SearchAgent] INFO: 从 YAML 文件加载配置: D:\work\code\PaperAutoReader\fields\Domain_Profile_QML.yaml
2026-03-16 19:12:52,267 - [SearchAgent] INFO: [Search Agent] 正在通过 CrossRef 确认 2 篇论文的发表状态...
2026-03-16 19:12:53,506 - [SearchAgent] DEBUG: CrossRef API 返回 404: https://api.crossref.org/works/10.48550/arXiv.1706.03762
2026-03-16 19:12:53,793 - [SearchAgent] DEBUG: CrossRef API 返回 404: https://api.crossref.org/works/10.5555/arXiv.1706.03762
2026-03-16 19:12:54,081 - [SearchAgent] DEBUG: CrossRef API 返回 404: https://api.crossref.org/works/10.48550/arxiv.1706.03762
2026-03-16 19:12:58,952 - [SearchAgent] DEBUG: CrossRef 匹配成功: 相似度=1.00
2026-03-16 19:12:58,953 - [SearchAgent] DEBUG: CrossRef 通过标题确认发表: Attention Is All You Need... -> Shenzhen Medical Academy of Research and Translation
2026-03-16 19:12:58,953 - [SearchAgent] INFO: [Search Agent] CrossRef 确认发表: 'Attention Is All You Need...' arXiv -> Shenzhen Medical Academy of Research and Translation
2026-03-16 19:12:59,242 - [SearchAgent] DEBUG: CrossRef API 返回 404: https://api.crossref.org/works/10.48550/arXiv.1810.04805
2026-03-16 19:12:59,529 - [SearchAgent] DEBUG: CrossRef API 返回 404: https://api.crossref.org/works/10.5555/arXiv.1810.04805
2026-03-16 19:12:59,880 - [SearchAgent] DEBUG: CrossRef API 返回 404: https://api.crossref.org/works/10.48550/arxiv.1810.04805
2026-03-16 19:13:05,761 - [SearchAgent] INFO: [Search Agent] CrossRef 确认完成: 1/2 篇论文已正式发表
2026-03-16 19:30:43,108 - [SearchAgent] DEBUG: CrossRef API 返回 404: https://api.crossref.org/works/10.48550/arXiv.1706.03762
2026-03-16 19:30:43,417 - [SearchAgent] DEBUG: CrossRef API 返回 404: https://api.crossref.org/works/10.5555/arXiv.1706.03762
2026-03-16 19:30:43,716 - [SearchAgent] DEBUG: CrossRef API 返回 404: https://api.crossref.org/works/10.48550/arxiv.1706.03762
2026-03-16 19:30:46,601 - [SearchAgent] DEBUG: CrossRef 匹配成功: 相似度=1.00
2026-03-16 19:30:46,907 - [SearchAgent] DEBUG: CrossRef API 返回 404: https://api.crossref.org/works/10.48550/arXiv.1810.04805
2026-03-16 19:30:47,205 - [SearchAgent] DEBUG: CrossRef API 返回 404: https://api.crossref.org/works/10.5555/arXiv.1810.04805
2026-03-16 19:30:47,505 - [SearchAgent] DEBUG: CrossRef API 返回 404: https://api.crossref.org/works/10.48550/arxiv.1810.04805
2026-03-16 19:30:50,820 - [SearchAgent] DEBUG: CrossRef API 返回 404: https://api.crossref.org/works/10.48550/arXiv.2401.00001
2026-03-16 19:30:51,124 - [SearchAgent] DEBUG: CrossRef API 返回 404: https://api.crossref.org/works/10.5555/arXiv.2401.00001
2026-03-16 19:30:51,435 - [SearchAgent] DEBUG: CrossRef API 返回 404: https://api.crossref.org/works/10.48550/arxiv.2401.00001
2026-03-16 19:30:54,197 - [SearchAgent] INFO: 从 YAML 文件加载配置: D:\work\code\PaperAutoReader\fields\Domain_Profile_QML.yaml
2026-03-16 19:30:54,198 - [SearchAgent] INFO: [Search Agent] 正在通过 CrossRef 确认 2 篇论文的发表状态...
2026-03-16 19:30:55,499 - [SearchAgent] DEBUG: CrossRef API 返回 404: https://api.crossref.org/works/10.48550/arXiv.1706.03762
2026-03-16 19:30:55,809 - [SearchAgent] DEBUG: CrossRef API 返回 404: https://api.crossref.org/works/10.5555/arXiv.1706.03762
2026-03-16 19:30:56,114 - [SearchAgent] DEBUG: CrossRef API 返回 404: https://api.crossref.org/works/10.48550/arxiv.1706.03762
2026-03-16 19:30:59,886 - [SearchAgent] DEBUG: CrossRef 匹配成功: 相似度=1.00
2026-03-16 19:30:59,886 - [SearchAgent] DEBUG: CrossRef 通过标题确认发表: Attention Is All You Need... -> Shenzhen Medical Academy of Research and Translation
2026-03-16 19:30:59,886 - [SearchAgent] INFO: [Search Agent] CrossRef 确认发表: 'Attention Is All You Need...' arXiv -> Shenzhen Medical Academy of Research and Translation
2026-03-16 19:31:00,200 - [SearchAgent] DEBUG: CrossRef API 返回 404: https://api.crossref.org/works/10.48550/arXiv.1810.04805
2026-03-16 19:31:00,529 - [SearchAgent] DEBUG: CrossRef API 返回 404: https://api.crossref.org/works/10.5555/arXiv.1810.04805
2026-03-16 19:31:00,851 - [SearchAgent] DEBUG: CrossRef API 返回 404: https://api.crossref.org/works/10.48550/arxiv.1810.04805
2026-03-16 19:31:05,060 - [SearchAgent] INFO: [Search Agent] CrossRef 确认完成: 1/2 篇论文已正式发表
2026-03-16 19:51:47,069 - [SearchAgent] DEBUG: CrossRef API 返回 404: https://api.crossref.org/works/10.48550/arXiv.1706.03762
2026-03-16 19:51:47,377 - [SearchAgent] DEBUG: CrossRef API 返回 404: https://api.crossref.org/works/10.5555/arXiv.1706.03762
2026-03-16 19:51:47,688 - [SearchAgent] DEBUG: CrossRef API 返回 404: https://api.crossref.org/works/10.48550/arxiv.1706.03762
2026-03-16 19:51:48,564 - [SearchAgent] DEBUG: CrossRef 匹配成功: 相似度=1.00
2026-03-16 19:51:48,868 - [SearchAgent] DEBUG: CrossRef API 返回 404: https://api.crossref.org/works/10.48550/arXiv.1810.04805
2026-03-16 19:51:49,179 - [SearchAgent] DEBUG: CrossRef API 返回 404: https://api.crossref.org/works/10.5555/arXiv.1810.04805
2026-03-16 19:51:49,486 - [SearchAgent] DEBUG: CrossRef API 返回 404: https://api.crossref.org/works/10.48550/arxiv.1810.04805
2026-03-16 19:51:50,961 - [SearchAgent] DEBUG: CrossRef API 返回 404: https://api.crossref.org/works/10.48550/arXiv.2401.00001
2026-03-16 19:51:51,271 - [SearchAgent] DEBUG: CrossRef API 返回 404: https://api.crossref.org/works/10.5555/arXiv.2401.00001
2026-03-16 19:51:51,593 - [SearchAgent] DEBUG: CrossRef API 返回 404: https://api.crossref.org/works/10.48550/arxiv.2401.00001
2026-03-16 19:51:52,637 - [SearchAgent] INFO: 从 YAML 文件加载配置: D:\work\code\PaperAutoReader\fields\Domain_Profile_QML.yaml
2026-03-16 19:51:52,638 - [SearchAgent] INFO: [Search Agent] 正在通过 CrossRef 确认 2 篇论文的发表状态...
2026-03-16 19:51:53,947 - [SearchAgent] DEBUG: CrossRef API 返回 404: https://api.crossref.org/works/10.48550/arXiv.1706.03762
2026-03-16 19:51:54,875 - [SearchAgent] DEBUG: CrossRef API 返回 404: https://api.crossref.org/works/10.5555/arXiv.1706.03762
2026-03-16 19:51:55,181 - [SearchAgent] DEBUG: CrossRef API 返回 404: https://api.crossref.org/works/10.48550/arxiv.1706.03762
2026-03-16 19:51:56,230 - [SearchAgent] DEBUG: CrossRef 匹配成功: 相似度=1.00
2026-03-16 19:51:56,535 - [SearchAgent] DEBUG: CrossRef API 返回 404: https://api.crossref.org/works/10.48550/arXiv.1810.04805
2026-03-16 19:51:56,840 - [SearchAgent] DEBUG: CrossRef API 返回 404: https://api.crossref.org/works/10.5555/arXiv.1810.04805
2026-03-16 19:51:57,149 - [SearchAgent] DEBUG: CrossRef API 返回 404: https://api.crossref.org/works/10.48550/arxiv.1810.04805
2026-03-16 19:51:58,168 - [SearchAgent] INFO: [Search Agent] CrossRef 确认完成: 0/2 篇论文已正式发表
2026-03-16 19:54:48,722 - [SearchAgent] DEBUG: CrossRef API 返回 404: https://api.crossref.org/works/10.48550/arXiv.1706.03762
2026-03-16 19:54:49,012 - [SearchAgent] DEBUG: CrossRef API 返回 404: https://api.crossref.org/works/10.5555/arXiv.1706.03762
2026-03-16 19:54:49,306 - [SearchAgent] DEBUG: CrossRef API 返回 404: https://api.crossref.org/works/10.48550/arxiv.1706.03762
2026-03-16 19:54:49,918 - [SearchAgent] DEBUG: CrossRef 匹配成功: 相似度=1.00
2026-03-16 19:54:50,210 - [SearchAgent] DEBUG: CrossRef API 返回 404: https://api.crossref.org/works/10.48550/arXiv.1512.03385
2026-03-16 19:54:50,497 - [SearchAgent] DEBUG: CrossRef API 返回 404: https://api.crossref.org/works/10.5555/arXiv.1512.03385
2026-03-16 19:54:50,824 - [SearchAgent] DEBUG: CrossRef API 返回 404: https://api.crossref.org/works/10.48550/arxiv.1512.03385
2026-03-16 19:54:52,322 - [SearchAgent] DEBUG: CrossRef 匹配成功: 相似度=1.00
2026-03-16 19:54:52,322 - [SearchAgent] DEBUG: CrossRef 通过标题确认发表: Deep Residual Learning for Image Recognition... -> 2016 IEEE Conference on Computer Vision and Pattern Recognition (CVPR)
2026-03-16 19:54:52,610 - [SearchAgent] DEBUG: CrossRef API 返回 404: https://api.crossref.org/works/10.48550/arXiv.1412.6980
2026-03-16 19:54:52,909 - [SearchAgent] DEBUG: CrossRef API 返回 404: https://api.crossref.org/works/10.5555/arXiv.1412.6980
2026-03-16 19:54:53,201 - [SearchAgent] DEBUG: CrossRef API 返回 404: https://api.crossref.org/works/10.48550/arxiv.1412.6980
2026-03-16 19:54:54,653 - [SearchAgent] DEBUG: CrossRef API 返回 404: https://api.crossref.org/works/10.48550/arXiv.1606.08415
2026-03-16 19:54:54,947 - [SearchAgent] DEBUG: CrossRef API 返回 404: https://api.crossref.org/works/10.5555/arXiv.1606.08415
2026-03-16 19:54:55,236 - [SearchAgent] DEBUG: CrossRef API 返回 404: https://api.crossref.org/works/10.48550/arxiv.1606.08415
2026-03-16 19:54:55,934 - [SearchAgent] DEBUG: CrossRef 匹配成功: 相似度=1.00
2026-03-16 19:54:55,935 - [SearchAgent] DEBUG: CrossRef 通过标题确认发表: Variational Autoencoder... -> Essentials of Generative AI
2026-03-16 19:54:57,000 - [SearchAgent] DEBUG: CrossRef API 返回 404: https://api.crossref.org/works/10.48550/arXiv.2401.00001
2026-03-16 19:54:57,298 - [SearchAgent] DEBUG: CrossRef API 返回 404: https://api.crossref.org/works/10.5555/arXiv.2401.00001
2026-03-16 19:54:57,586 - [SearchAgent] DEBUG: CrossRef API 返回 404: https://api.crossref.org/works/10.48550/arxiv.2401.00001
