2026-03-13 10:37:06,242 - [SearchAgent] INFO: 从 YAML 文件加载配置: d:\work\code\PaperAutoReader\fields\Domain_Profile_QML.yaml
2026-03-13 10:37:06,242 - [SearchAgent] INFO: ============================================================
2026-03-13 10:37:06,242 - [SearchAgent] INFO: [Search Agent] 开始执行数据抓取流程
2026-03-13 10:37:06,243 - [SearchAgent] INFO:   - 回溯天数: 5
2026-03-13 10:37:06,243 - [SearchAgent] INFO:   - 最大结果数: 100
2026-03-13 10:37:06,243 - [SearchAgent] INFO: ============================================================
2026-03-13 10:37:06,243 - [SearchAgent] DEBUG: 构建了 9 个搜索查询: ['abs:variational quantum algorithm', 'all:parameterized quantum circuit', 'all:PQC', 'all:barren plateau', 'ti:VQA', 'ti:variational quantum algorithm', 'ti:quantum machine learning', 'abs:VQA', 'abs:quantum machine learning']
2026-03-13 10:37:06,243 - [SearchAgent] INFO: [Search Agent] 正在查询 arXiv: abs:variational quantum algorithm
2026-03-13 10:37:09,654 - [SearchAgent] INFO: [Search Agent] 正在查询 arXiv: all:parameterized quantum circuit
2026-03-13 10:37:12,647 - [SearchAgent] INFO: [Search Agent] 正在查询 arXiv: all:PQC
2026-03-13 10:37:15,144 - [SearchAgent] INFO: [Search Agent] 正在查询 arXiv: all:barren plateau
2026-03-13 10:37:19,051 - [SearchAgent] INFO: [Search Agent] 正在查询 arXiv: ti:VQA
2026-03-13 10:37:21,549 - [SearchAgent] INFO: [Search Agent] 正在查询 arXiv: ti:variational quantum algorithm
2026-03-13 10:37:24,811 - [SearchAgent] INFO: [Search Agent] 正在查询 arXiv: ti:quantum machine learning
2026-03-13 10:37:27,902 - [SearchAgent] INFO: [Search Agent] 正在查询 arXiv: abs:VQA
2026-03-13 10:37:30,186 - [SearchAgent] INFO: [Search Agent] 正在查询 arXiv: abs:quantum machine learning
2026-03-13 10:37:34,503 - [SearchAgent] INFO: [Search Agent] 成功从 arXiv 抓取 108 篇论文
2026-03-13 10:37:34,504 - [SearchAgent] INFO: [Search Agent] 正在批量获取 108 篇论文的引用数据...
2026-03-13 10:37:34,504 - [SearchAgent] INFO: [Search Agent] 批量查询 Semantic Scholar: 第 1 批，共 108 篇论文
2026-03-13 10:37:35,880 - [SearchAgent] DEBUG: 论文 2603.12261 在 Semantic Scholar 中未找到
2026-03-13 10:37:35,880 - [SearchAgent] DEBUG: 论文 2603.12258 在 Semantic Scholar 中未找到
2026-03-13 10:37:35,880 - [SearchAgent] DEBUG: 论文 2603.12256 在 Semantic Scholar 中未找到
2026-03-13 10:37:35,880 - [SearchAgent] DEBUG: 论文 2603.12242 在 Semantic Scholar 中未找到
2026-03-13 10:37:35,880 - [SearchAgent] DEBUG: 论文 2603.12241 在 Semantic Scholar 中未找到
2026-03-13 10:37:35,880 - [SearchAgent] DEBUG: 论文 2603.12239 在 Semantic Scholar 中未找到
2026-03-13 10:37:35,880 - [SearchAgent] DEBUG: 论文 2603.12236 在 Semantic Scholar 中未找到
2026-03-13 10:37:35,880 - [SearchAgent] DEBUG: 论文 2603.12235 在 Semantic Scholar 中未找到
2026-03-13 10:37:35,880 - [SearchAgent] DEBUG: 论文 2603.12233 在 Semantic Scholar 中未找到
2026-03-13 10:37:35,880 - [SearchAgent] DEBUG: 论文 2603.12234 在 Semantic Scholar 中未找到
2026-03-13 10:37:35,880 - [SearchAgent] DEBUG: 论文 2603.12224 在 Semantic Scholar 中未找到
2026-03-13 10:37:35,880 - [SearchAgent] DEBUG: 论文 2603.12221 在 Semantic Scholar 中未找到
2026-03-13 10:37:35,880 - [SearchAgent] DEBUG: 论文 2603.12218 在 Semantic Scholar 中未找到
2026-03-13 10:37:35,880 - [SearchAgent] DEBUG: 论文 2603.12216 在 Semantic Scholar 中未找到
2026-03-13 10:37:35,880 - [SearchAgent] DEBUG: 论文 2603.12215 在 Semantic Scholar 中未找到
2026-03-13 10:37:35,880 - [SearchAgent] DEBUG: 论文 2603.12209 在 Semantic Scholar 中未找到
2026-03-13 10:37:35,880 - [SearchAgent] DEBUG: 论文 2603.12205 在 Semantic Scholar 中未找到
2026-03-13 10:37:35,880 - [SearchAgent] DEBUG: 论文 2603.12203 在 Semantic Scholar 中未找到
2026-03-13 10:37:35,880 - [SearchAgent] DEBUG: 论文 2603.12201 在 Semantic Scholar 中未找到
2026-03-13 10:37:35,880 - [SearchAgent] DEBUG: 论文 2603.12200 在 Semantic Scholar 中未找到
2026-03-13 10:37:35,880 - [SearchAgent] DEBUG: 论文 2603.12199 在 Semantic Scholar 中未找到
2026-03-13 10:37:35,880 - [SearchAgent] DEBUG: 论文 2603.12197 在 Semantic Scholar 中未找到
2026-03-13 10:37:35,880 - [SearchAgent] DEBUG: 论文 2603.12194 在 Semantic Scholar 中未找到
2026-03-13 10:37:35,880 - [SearchAgent] DEBUG: 论文 2603.12192 在 Semantic Scholar 中未找到
2026-03-13 10:37:35,880 - [SearchAgent] DEBUG: 论文 2603.12189 在 Semantic Scholar 中未找到
2026-03-13 10:37:35,880 - [SearchAgent] DEBUG: 论文 2603.12183 在 Semantic Scholar 中未找到
2026-03-13 10:37:35,880 - [SearchAgent] DEBUG: 论文 2603.12182 在 Semantic Scholar 中未找到
2026-03-13 10:37:35,880 - [SearchAgent] DEBUG: 论文 2603.12181 在 Semantic Scholar 中未找到
2026-03-13 10:37:35,880 - [SearchAgent] DEBUG: 论文 2603.12178 在 Semantic Scholar 中未找到
2026-03-13 10:37:35,880 - [SearchAgent] DEBUG: 论文 2603.12176 在 Semantic Scholar 中未找到
2026-03-13 10:37:35,881 - [SearchAgent] DEBUG: 论文 2603.12170 在 Semantic Scholar 中未找到
2026-03-13 10:37:35,881 - [SearchAgent] DEBUG: 论文 2603.12169 在 Semantic Scholar 中未找到
2026-03-13 10:37:35,881 - [SearchAgent] DEBUG: 论文 2603.12168 在 Semantic Scholar 中未找到
2026-03-13 10:37:35,881 - [SearchAgent] DEBUG: 论文 2603.12167 在 Semantic Scholar 中未找到
2026-03-13 10:37:35,881 - [SearchAgent] DEBUG: 论文 2603.12162 在 Semantic Scholar 中未找到
2026-03-13 10:37:35,881 - [SearchAgent] DEBUG: 论文 2603.12161 在 Semantic Scholar 中未找到
2026-03-13 10:37:35,881 - [SearchAgent] DEBUG: 论文 2603.12160 在 Semantic Scholar 中未找到
2026-03-13 10:37:35,881 - [SearchAgent] DEBUG: 论文 2603.12156 在 Semantic Scholar 中未找到
2026-03-13 10:37:35,881 - [SearchAgent] DEBUG: 论文 2603.12148 在 Semantic Scholar 中未找到
2026-03-13 10:37:35,881 - [SearchAgent] DEBUG: 论文 2603.12141 在 Semantic Scholar 中未找到
2026-03-13 10:37:35,881 - [SearchAgent] DEBUG: 论文 2603.12136 在 Semantic Scholar 中未找到
2026-03-13 10:37:35,881 - [SearchAgent] DEBUG: 论文 2603.12132 在 Semantic Scholar 中未找到
2026-03-13 10:37:35,881 - [SearchAgent] DEBUG: 论文 2603.12130 在 Semantic Scholar 中未找到
2026-03-13 10:37:35,881 - [SearchAgent] DEBUG: 论文 2603.12127 在 Semantic Scholar 中未找到
2026-03-13 10:37:35,881 - [SearchAgent] DEBUG: 论文 2603.12114 在 Semantic Scholar 中未找到
2026-03-13 10:37:35,881 - [SearchAgent] DEBUG: 论文 2603.12112 在 Semantic Scholar 中未找到
2026-03-13 10:37:35,881 - [SearchAgent] DEBUG: 论文 2603.12110 在 Semantic Scholar 中未找到
2026-03-13 10:37:35,881 - [SearchAgent] DEBUG: 论文 2603.12106 在 Semantic Scholar 中未找到
2026-03-13 10:37:35,881 - [SearchAgent] DEBUG: 论文 2603.12104 在 Semantic Scholar 中未找到
2026-03-13 10:37:35,881 - [SearchAgent] DEBUG: 论文 2603.12102 在 Semantic Scholar 中未找到
2026-03-13 10:37:35,881 - [SearchAgent] DEBUG: 论文 2603.12100 在 Semantic Scholar 中未找到
2026-03-13 10:37:35,881 - [SearchAgent] DEBUG: 论文 2603.12097 在 Semantic Scholar 中未找到
2026-03-13 10:37:35,881 - [SearchAgent] DEBUG: 论文 2603.12096 在 Semantic Scholar 中未找到
2026-03-13 10:37:35,881 - [SearchAgent] DEBUG: 论文 2603.12092 在 Semantic Scholar 中未找到
2026-03-13 10:37:35,881 - [SearchAgent] DEBUG: 论文 2603.12090 在 Semantic Scholar 中未找到
2026-03-13 10:37:35,881 - [SearchAgent] DEBUG: 论文 2603.12088 在 Semantic Scholar 中未找到
2026-03-13 10:37:35,881 - [SearchAgent] DEBUG: 论文 2603.12085 在 Semantic Scholar 中未找到
2026-03-13 10:37:35,881 - [SearchAgent] DEBUG: 论文 2603.12083 在 Semantic Scholar 中未找到
2026-03-13 10:37:35,881 - [SearchAgent] DEBUG: 论文 2603.12076 在 Semantic Scholar 中未找到
2026-03-13 10:37:35,881 - [SearchAgent] DEBUG: 论文 2603.12070 在 Semantic Scholar 中未找到
2026-03-13 10:37:35,881 - [SearchAgent] DEBUG: 论文 2603.12069 在 Semantic Scholar 中未找到
2026-03-13 10:37:35,881 - [SearchAgent] DEBUG: 论文 2603.12068 在 Semantic Scholar 中未找到
2026-03-13 10:37:35,881 - [SearchAgent] DEBUG: 论文 2603.12061 在 Semantic Scholar 中未找到
2026-03-13 10:37:35,881 - [SearchAgent] DEBUG: 论文 2603.12054 在 Semantic Scholar 中未找到
2026-03-13 10:37:35,881 - [SearchAgent] DEBUG: 论文 2603.12052 在 Semantic Scholar 中未找到
2026-03-13 10:37:35,881 - [SearchAgent] DEBUG: 论文 2603.12051 在 Semantic Scholar 中未找到
2026-03-13 10:37:35,881 - [SearchAgent] DEBUG: 论文 2603.12045 在 Semantic Scholar 中未找到
2026-03-13 10:37:35,881 - [SearchAgent] DEBUG: 论文 2603.12043 在 Semantic Scholar 中未找到
2026-03-13 10:37:35,881 - [SearchAgent] DEBUG: 论文 2603.12039 在 Semantic Scholar 中未找到
2026-03-13 10:37:35,881 - [SearchAgent] DEBUG: 论文 2603.12032 在 Semantic Scholar 中未找到
2026-03-13 10:37:35,881 - [SearchAgent] DEBUG: 论文 2603.12027 在 Semantic Scholar 中未找到
2026-03-13 10:37:35,881 - [SearchAgent] DEBUG: 论文 2603.12026 在 Semantic Scholar 中未找到
2026-03-13 10:37:35,881 - [SearchAgent] DEBUG: 论文 2603.12024 在 Semantic Scholar 中未找到
2026-03-13 10:37:35,881 - [SearchAgent] DEBUG: 论文 2603.12023 在 Semantic Scholar 中未找到
2026-03-13 10:37:35,881 - [SearchAgent] DEBUG: 论文 2603.12020 在 Semantic Scholar 中未找到
2026-03-13 10:37:35,881 - [SearchAgent] DEBUG: 论文 2603.12017 在 Semantic Scholar 中未找到
2026-03-13 10:37:35,881 - [SearchAgent] DEBUG: 论文 2603.12016 在 Semantic Scholar 中未找到
2026-03-13 10:37:35,881 - [SearchAgent] DEBUG: 论文 2603.12004 在 Semantic Scholar 中未找到
2026-03-13 10:37:35,881 - [SearchAgent] DEBUG: 论文 2603.11998 在 Semantic Scholar 中未找到
2026-03-13 10:37:35,881 - [SearchAgent] DEBUG: 论文 2603.11996 在 Semantic Scholar 中未找到
2026-03-13 10:37:35,881 - [SearchAgent] DEBUG: 论文 2603.11992 在 Semantic Scholar 中未找到
2026-03-13 10:37:35,881 - [SearchAgent] DEBUG: 论文 2603.11989 在 Semantic Scholar 中未找到
2026-03-13 10:37:35,881 - [SearchAgent] DEBUG: 论文 2603.11982 在 Semantic Scholar 中未找到
2026-03-13 10:37:35,881 - [SearchAgent] DEBUG: 论文 2603.11976 在 Semantic Scholar 中未找到
2026-03-13 10:37:35,881 - [SearchAgent] DEBUG: 论文 2603.11973 在 Semantic Scholar 中未找到
2026-03-13 10:37:35,881 - [SearchAgent] DEBUG: 论文 2603.11971 在 Semantic Scholar 中未找到
2026-03-13 10:37:35,881 - [SearchAgent] DEBUG: 论文 2603.11970 在 Semantic Scholar 中未找到
2026-03-13 10:37:35,881 - [SearchAgent] DEBUG: 论文 2603.11968 在 Semantic Scholar 中未找到
2026-03-13 10:37:35,881 - [SearchAgent] DEBUG: 论文 2603.11964 在 Semantic Scholar 中未找到
2026-03-13 10:37:35,882 - [SearchAgent] DEBUG: 论文 2603.11954 在 Semantic Scholar 中未找到
2026-03-13 10:37:35,882 - [SearchAgent] DEBUG: 论文 2603.11953 在 Semantic Scholar 中未找到
2026-03-13 10:37:35,882 - [SearchAgent] DEBUG: 论文 2603.11941 在 Semantic Scholar 中未找到
2026-03-13 10:37:35,882 - [SearchAgent] DEBUG: 论文 2603.11934 在 Semantic Scholar 中未找到
2026-03-13 10:37:35,882 - [SearchAgent] DEBUG: 论文 2603.11931 在 Semantic Scholar 中未找到
2026-03-13 10:37:35,882 - [SearchAgent] DEBUG: 论文 2603.11925 在 Semantic Scholar 中未找到
2026-03-13 10:37:35,882 - [SearchAgent] DEBUG: 论文 2603.11921 在 Semantic Scholar 中未找到
2026-03-13 10:37:35,882 - [SearchAgent] DEBUG: 论文 2603.11910 在 Semantic Scholar 中未找到
2026-03-13 10:37:35,882 - [SearchAgent] DEBUG: 论文 2603.11900 在 Semantic Scholar 中未找到
2026-03-13 10:37:35,882 - [SearchAgent] DEBUG: 论文 2603.11898 在 Semantic Scholar 中未找到
2026-03-13 10:37:35,882 - [SearchAgent] DEBUG: 论文 2603.11895 在 Semantic Scholar 中未找到
2026-03-13 10:37:35,882 - [SearchAgent] DEBUG: 论文 2603.12093 在 Semantic Scholar 中未找到
2026-03-13 10:37:35,882 - [SearchAgent] DEBUG: 论文 2603.11991 在 Semantic Scholar 中未找到
2026-03-13 10:37:35,882 - [SearchAgent] DEBUG: 论文 2603.11525 在 Semantic Scholar 中未找到
2026-03-13 10:37:35,882 - [SearchAgent] DEBUG: 论文 2603.11958 在 Semantic Scholar 中未找到
2026-03-13 10:37:35,882 - [SearchAgent] DEBUG: 论文 2603.12265 在 Semantic Scholar 中未找到
2026-03-13 10:37:35,882 - [SearchAgent] DEBUG: 论文 2603.11689 在 Semantic Scholar 中未找到
2026-03-13 10:37:35,882 - [SearchAgent] DEBUG: 论文 2603.12263 在 Semantic Scholar 中未找到
2026-03-13 10:37:35,882 - [SearchAgent] INFO: [Search Agent] 批量查询完成，成功获取 0 篇论文的引用数据
2026-03-13 10:37:35,883 - [SearchAgent] INFO: [Search Agent] 引用数据获取完成，成功增强 108 篇论文
2026-03-13 10:37:35,886 - [SearchAgent] INFO: [Search Agent] 论文已保存至: d:\work\code\PaperAutoReader\data\raw_papers\2026-03-13.json
2026-03-13 10:37:35,886 - [SearchAgent] INFO: [Search Agent] 数据抓取流程完成
2026-03-13 11:23:14,438 - [SearchAgent] INFO: 从 YAML 文件加载配置: d:\work\code\PaperAutoReader\fields\Domain_Profile_QML.yaml
2026-03-13 11:23:14,438 - [SearchAgent] INFO: ============================================================
2026-03-13 11:23:14,438 - [SearchAgent] INFO: [Search Agent] 开始执行数据抓取流程
2026-03-13 11:23:14,438 - [SearchAgent] INFO:   - 回溯天数: 300
2026-03-13 11:23:14,438 - [SearchAgent] INFO:   - 最大结果数: 100000
2026-03-13 11:23:14,439 - [SearchAgent] INFO: ============================================================
2026-03-13 11:23:14,439 - [SearchAgent] DEBUG: 构建了 9 个搜索查询: ['abs:VQA', 'ti:variational quantum algorithm', 'all:parameterized quantum circuit', 'ti:VQA', 'abs:quantum machine learning', 'ti:quantum machine learning', 'all:PQC', 'all:barren plateau', 'abs:variational quantum algorithm']
2026-03-13 11:23:14,439 - [SearchAgent] INFO: [Search Agent] 正在查询 arXiv: abs:VQA
2026-03-13 11:23:43,278 - [SearchAgent] INFO: 从 YAML 文件加载配置: d:\work\code\PaperAutoReader\fields\Domain_Profile_QML.yaml
2026-03-13 11:23:43,279 - [SearchAgent] INFO: ============================================================
2026-03-13 11:23:43,279 - [SearchAgent] INFO: [Search Agent] 开始执行数据抓取流程
2026-03-13 11:23:43,279 - [SearchAgent] INFO:   - 回溯天数: 300
2026-03-13 11:23:43,279 - [SearchAgent] INFO:   - 最大结果数: 100000
2026-03-13 11:23:43,279 - [SearchAgent] INFO: ============================================================
2026-03-13 11:23:43,280 - [SearchAgent] DEBUG: 构建了 9 个搜索查询: ['abs:quantum machine learning', 'all:parameterized quantum circuit', 'abs:VQA', 'all:barren plateau', 'ti:variational quantum algorithm', 'ti:VQA', 'ti:quantum machine learning', 'abs:variational quantum algorithm', 'all:PQC']
2026-03-13 11:23:43,280 - [SearchAgent] INFO: [Search Agent] 正在查询 arXiv: abs:quantum machine learning
2026-03-13 11:32:16,988 - [SearchAgent] ERROR: arXiv 查询失败 [abs:quantum machine learning]: Page request resulted in HTTP 500 (https://export.arxiv.org/api/query?search_query=abs%3Aquantum+machine+learning&id_list=&sortBy=submittedDate&sortOrder=descending&start=10000&max_results=100)
2026-03-13 11:32:16,989 - [SearchAgent] INFO: [Search Agent] 正在查询 arXiv: all:parameterized quantum circuit
2026-03-13 11:40:18,455 - [SearchAgent] ERROR: arXiv 查询失败 [all:parameterized quantum circuit]: Page request resulted in HTTP 500 (https://export.arxiv.org/api/query?search_query=all%3Aparameterized+quantum+circuit&id_list=&sortBy=submittedDate&sortOrder=descending&start=10000&max_results=100)
2026-03-13 11:40:18,458 - [SearchAgent] INFO: [Search Agent] 正在查询 arXiv: abs:VQA
2026-03-13 11:41:51,361 - [SearchAgent] INFO: [Search Agent] 正在查询 arXiv: all:barren plateau
2026-03-13 11:47:41,099 - [SearchAgent] INFO: [Search Agent] 正在查询 arXiv: ti:variational quantum algorithm
2026-03-13 11:50:44,373 - [SearchAgent] ERROR: arXiv 查询失败 [ti:variational quantum algorithm]: HTTPSConnectionPool(host='export.arxiv.org', port=443): Read timed out. (read timeout=None)
2026-03-13 11:50:44,374 - [SearchAgent] INFO: [Search Agent] 正在查询 arXiv: ti:VQA
2026-03-13 11:52:09,116 - [SearchAgent] ERROR: arXiv 查询失败 [ti:VQA]: HTTPSConnectionPool(host='export.arxiv.org', port=443): Max retries exceeded with url: /api/query?search_query=ti%3AVQA&id_list=&sortBy=submittedDate&sortOrder=descending&start=0&max_results=100 (Caused by ConnectTimeoutError(<HTTPSConnection(host='export.arxiv.org', port=443) at 0x22b73ee7d90>, 'Connection to export.arxiv.org timed out. (connect timeout=None)'))
2026-03-13 11:52:09,117 - [SearchAgent] INFO: [Search Agent] 正在查询 arXiv: ti:quantum machine learning
2026-03-13 12:00:59,206 - [SearchAgent] ERROR: arXiv 查询失败 [ti:quantum machine learning]: Page request resulted in HTTP 500 (https://export.arxiv.org/api/query?search_query=ti%3Aquantum+machine+learning&id_list=&sortBy=submittedDate&sortOrder=descending&start=10000&max_results=100)
2026-03-13 12:00:59,206 - [SearchAgent] INFO: [Search Agent] 正在查询 arXiv: abs:variational quantum algorithm
2026-03-13 12:08:28,611 - [SearchAgent] ERROR: arXiv 查询失败 [abs:variational quantum algorithm]: Page request resulted in HTTP 500 (https://export.arxiv.org/api/query?search_query=abs%3Avariational+quantum+algorithm&id_list=&sortBy=submittedDate&sortOrder=descending&start=10000&max_results=100)
2026-03-13 12:08:28,613 - [SearchAgent] INFO: [Search Agent] 正在查询 arXiv: all:PQC
2026-03-13 12:08:46,984 - [SearchAgent] INFO: [Search Agent] 成功从 arXiv 抓取 23493 篇论文
2026-03-13 12:08:47,006 - [SearchAgent] INFO: [Search Agent] 正在批量获取 23493 篇论文的引用数据...
2026-03-13 12:08:47,006 - [SearchAgent] INFO: [Search Agent] 批量查询 Semantic Scholar: 第 1 批，共 500 篇论文
2026-03-13 12:08:47,904 - [SearchAgent] WARNING: Semantic Scholar Batch API 限流 (429)，第 1 次重试，等待 1.0 秒...
2026-03-13 12:08:49,147 - [SearchAgent] WARNING: Semantic Scholar Batch API 限流 (429)，第 2 次重试，等待 2.0 秒...
2026-03-13 12:08:51,663 - [SearchAgent] WARNING: Semantic Scholar Batch API 限流 (429)，第 3 次重试，等待 4.0 秒...
2026-03-13 12:08:55,664 - [SearchAgent] INFO: [Search Agent] 批量查询 Semantic Scholar: 第 2 批，共 500 篇论文
2026-03-13 12:08:55,905 - [SearchAgent] WARNING: Semantic Scholar Batch API 限流 (429)，第 1 次重试，等待 1.0 秒...
2026-03-13 12:08:57,164 - [SearchAgent] WARNING: Semantic Scholar Batch API 限流 (429)，第 2 次重试，等待 2.0 秒...
2026-03-13 12:08:59,411 - [SearchAgent] WARNING: Semantic Scholar Batch API 限流 (429)，第 3 次重试，等待 4.0 秒...
2026-03-13 12:09:03,412 - [SearchAgent] INFO: [Search Agent] 批量查询 Semantic Scholar: 第 3 批，共 500 篇论文
2026-03-13 12:09:03,928 - [SearchAgent] WARNING: Semantic Scholar Batch API 限流 (429)，第 1 次重试，等待 1.0 秒...
2026-03-13 12:09:05,176 - [SearchAgent] WARNING: Semantic Scholar Batch API 限流 (429)，第 2 次重试，等待 2.0 秒...
2026-03-13 12:09:07,691 - [SearchAgent] WARNING: Semantic Scholar Batch API 限流 (429)，第 3 次重试，等待 4.0 秒...
2026-03-13 12:09:11,693 - [SearchAgent] INFO: [Search Agent] 批量查询 Semantic Scholar: 第 4 批，共 500 篇论文
2026-03-13 12:09:11,928 - [SearchAgent] WARNING: Semantic Scholar Batch API 限流 (429)，第 1 次重试，等待 1.0 秒...
2026-03-13 12:09:13,438 - [SearchAgent] WARNING: Semantic Scholar Batch API 限流 (429)，第 2 次重试，等待 2.0 秒...
2026-03-13 12:09:15,694 - [SearchAgent] WARNING: Semantic Scholar Batch API 限流 (429)，第 3 次重试，等待 4.0 秒...
2026-03-13 12:09:19,694 - [SearchAgent] INFO: [Search Agent] 批量查询 Semantic Scholar: 第 5 批，共 500 篇论文
2026-03-13 12:09:19,931 - [SearchAgent] WARNING: Semantic Scholar Batch API 限流 (429)，第 1 次重试，等待 1.0 秒...
2026-03-13 12:09:21,438 - [SearchAgent] WARNING: Semantic Scholar Batch API 限流 (429)，第 2 次重试，等待 2.0 秒...
2026-03-13 12:09:23,949 - [SearchAgent] WARNING: Semantic Scholar Batch API 限流 (429)，第 3 次重试，等待 4.0 秒...
2026-03-13 12:09:27,950 - [SearchAgent] INFO: [Search Agent] 批量查询 Semantic Scholar: 第 6 批，共 500 篇论文
2026-03-13 12:09:28,195 - [SearchAgent] WARNING: Semantic Scholar Batch API 限流 (429)，第 1 次重试，等待 1.0 秒...
2026-03-13 12:09:29,712 - [SearchAgent] WARNING: Semantic Scholar Batch API 限流 (429)，第 2 次重试，等待 2.0 秒...
2026-03-13 12:09:31,963 - [SearchAgent] WARNING: Semantic Scholar Batch API 限流 (429)，第 3 次重试，等待 4.0 秒...
2026-03-13 12:09:35,964 - [SearchAgent] INFO: [Search Agent] 批量查询 Semantic Scholar: 第 7 批，共 500 篇论文
2026-03-13 12:09:36,212 - [SearchAgent] WARNING: Semantic Scholar Batch API 限流 (429)，第 1 次重试，等待 1.0 秒...
2026-03-13 12:09:37,729 - [SearchAgent] WARNING: Semantic Scholar Batch API 限流 (429)，第 2 次重试，等待 2.0 秒...
2026-03-13 12:09:39,978 - [SearchAgent] WARNING: Semantic Scholar Batch API 限流 (429)，第 3 次重试，等待 4.0 秒...
2026-03-13 12:09:43,979 - [SearchAgent] INFO: [Search Agent] 批量查询 Semantic Scholar: 第 8 批，共 500 篇论文
2026-03-13 12:09:44,485 - [SearchAgent] WARNING: Semantic Scholar Batch API 限流 (429)，第 1 次重试，等待 1.0 秒...
2026-03-13 12:09:45,720 - [SearchAgent] WARNING: Semantic Scholar Batch API 限流 (429)，第 2 次重试，等待 2.0 秒...
2026-03-13 12:09:47,958 - [SearchAgent] WARNING: Semantic Scholar Batch API 限流 (429)，第 3 次重试，等待 4.0 秒...
2026-03-13 12:09:51,959 - [SearchAgent] INFO: [Search Agent] 批量查询 Semantic Scholar: 第 9 批，共 500 篇论文
2026-03-13 12:09:52,195 - [SearchAgent] WARNING: Semantic Scholar Batch API 限流 (429)，第 1 次重试，等待 1.0 秒...
2026-03-13 12:09:53,447 - [SearchAgent] WARNING: Semantic Scholar Batch API 限流 (429)，第 2 次重试，等待 2.0 秒...
2026-03-13 12:09:55,959 - [SearchAgent] WARNING: Semantic Scholar Batch API 限流 (429)，第 3 次重试，等待 4.0 秒...
2026-03-13 12:09:59,961 - [SearchAgent] INFO: [Search Agent] 批量查询 Semantic Scholar: 第 10 批，共 500 篇论文
2026-03-13 12:10:00,209 - [SearchAgent] WARNING: Semantic Scholar Batch API 限流 (429)，第 1 次重试，等待 1.0 秒...
2026-03-13 12:10:01,447 - [SearchAgent] WARNING: Semantic Scholar Batch API 限流 (429)，第 2 次重试，等待 2.0 秒...
2026-03-13 12:10:03,687 - [SearchAgent] WARNING: Semantic Scholar Batch API 限流 (429)，第 3 次重试，等待 4.0 秒...
2026-03-13 12:10:07,688 - [SearchAgent] INFO: [Search Agent] 批量查询 Semantic Scholar: 第 11 批，共 500 篇论文
2026-03-13 12:10:07,932 - [SearchAgent] WARNING: Semantic Scholar Batch API 限流 (429)，第 1 次重试，等待 1.0 秒...
2026-03-13 12:10:10,178 - [SearchAgent] DEBUG: 论文 2603.11053 在 Semantic Scholar 中未找到
2026-03-13 12:10:10,178 - [SearchAgent] INFO: [Search Agent] 批量查询 Semantic Scholar: 第 12 批，共 500 篇论文
2026-03-13 12:10:10,418 - [SearchAgent] WARNING: Semantic Scholar Batch API 限流 (429)，第 1 次重试，等待 1.0 秒...
2026-03-13 12:10:11,673 - [SearchAgent] WARNING: Semantic Scholar Batch API 限流 (429)，第 2 次重试，等待 2.0 秒...
2026-03-13 12:10:13,915 - [SearchAgent] WARNING: Semantic Scholar Batch API 限流 (429)，第 3 次重试，等待 4.0 秒...
2026-03-13 12:10:17,916 - [SearchAgent] INFO: [Search Agent] 批量查询 Semantic Scholar: 第 13 批，共 500 篇论文
2026-03-13 12:10:18,160 - [SearchAgent] WARNING: Semantic Scholar Batch API 限流 (429)，第 1 次重试，等待 1.0 秒...
2026-03-13 12:10:19,402 - [SearchAgent] WARNING: Semantic Scholar Batch API 限流 (429)，第 2 次重试，等待 2.0 秒...
2026-03-13 12:10:21,643 - [SearchAgent] WARNING: Semantic Scholar Batch API 限流 (429)，第 3 次重试，等待 4.0 秒...
2026-03-13 12:10:25,644 - [SearchAgent] INFO: [Search Agent] 批量查询 Semantic Scholar: 第 14 批，共 500 篇论文
2026-03-13 12:10:25,891 - [SearchAgent] WARNING: Semantic Scholar Batch API 限流 (429)，第 1 次重试，等待 1.0 秒...
2026-03-13 12:10:27,118 - [SearchAgent] WARNING: Semantic Scholar Batch API 限流 (429)，第 2 次重试，等待 2.0 秒...
2026-03-13 12:10:29,362 - [SearchAgent] WARNING: Semantic Scholar Batch API 限流 (429)，第 3 次重试，等待 4.0 秒...
2026-03-13 12:10:33,363 - [SearchAgent] INFO: [Search Agent] 批量查询 Semantic Scholar: 第 15 批，共 500 篇论文
2026-03-13 12:10:33,611 - [SearchAgent] WARNING: Semantic Scholar Batch API 限流 (429)，第 1 次重试，等待 1.0 秒...
2026-03-13 12:10:34,865 - [SearchAgent] WARNING: Semantic Scholar Batch API 限流 (429)，第 2 次重试，等待 2.0 秒...
2026-03-13 12:10:37,111 - [SearchAgent] WARNING: Semantic Scholar Batch API 限流 (429)，第 3 次重试，等待 4.0 秒...
2026-03-13 12:10:41,112 - [SearchAgent] INFO: [Search Agent] 批量查询 Semantic Scholar: 第 16 批，共 500 篇论文
2026-03-13 12:10:41,623 - [SearchAgent] WARNING: Semantic Scholar Batch API 限流 (429)，第 1 次重试，等待 1.0 秒...
2026-03-13 12:10:43,138 - [SearchAgent] WARNING: Semantic Scholar Batch API 限流 (429)，第 2 次重试，等待 2.0 秒...
2026-03-13 12:10:45,374 - [SearchAgent] WARNING: Semantic Scholar Batch API 限流 (429)，第 3 次重试，等待 4.0 秒...
2026-03-13 12:10:49,375 - [SearchAgent] INFO: [Search Agent] 批量查询 Semantic Scholar: 第 17 批，共 500 篇论文
2026-03-13 12:10:49,888 - [SearchAgent] WARNING: Semantic Scholar Batch API 限流 (429)，第 1 次重试，等待 1.0 秒...
2026-03-13 12:10:51,135 - [SearchAgent] WARNING: Semantic Scholar Batch API 限流 (429)，第 2 次重试，等待 2.0 秒...
2026-03-13 12:10:53,376 - [SearchAgent] WARNING: Semantic Scholar Batch API 限流 (429)，第 3 次重试，等待 4.0 秒...
2026-03-13 12:10:57,377 - [SearchAgent] INFO: [Search Agent] 批量查询 Semantic Scholar: 第 18 批，共 500 篇论文
2026-03-13 12:10:57,609 - [SearchAgent] WARNING: Semantic Scholar Batch API 限流 (429)，第 1 次重试，等待 1.0 秒...
2026-03-13 12:10:58,844 - [SearchAgent] WARNING: Semantic Scholar Batch API 限流 (429)，第 2 次重试，等待 2.0 秒...
2026-03-13 12:11:01,088 - [SearchAgent] WARNING: Semantic Scholar Batch API 限流 (429)，第 3 次重试，等待 4.0 秒...
2026-03-13 12:11:05,089 - [SearchAgent] INFO: [Search Agent] 批量查询 Semantic Scholar: 第 19 批，共 500 篇论文
2026-03-13 12:11:05,330 - [SearchAgent] WARNING: Semantic Scholar Batch API 限流 (429)，第 1 次重试，等待 1.0 秒...
2026-03-13 12:11:06,847 - [SearchAgent] WARNING: Semantic Scholar Batch API 限流 (429)，第 2 次重试，等待 2.0 秒...
2026-03-13 12:11:09,091 - [SearchAgent] WARNING: Semantic Scholar Batch API 限流 (429)，第 3 次重试，等待 4.0 秒...
2026-03-13 12:11:13,092 - [SearchAgent] INFO: [Search Agent] 批量查询 Semantic Scholar: 第 20 批，共 500 篇论文
2026-03-13 12:11:13,608 - [SearchAgent] WARNING: Semantic Scholar Batch API 限流 (429)，第 1 次重试，等待 1.0 秒...
2026-03-13 12:11:14,845 - [SearchAgent] WARNING: Semantic Scholar Batch API 限流 (429)，第 2 次重试，等待 2.0 秒...
2026-03-13 12:11:17,082 - [SearchAgent] WARNING: Semantic Scholar Batch API 限流 (429)，第 3 次重试，等待 4.0 秒...
2026-03-13 12:11:21,082 - [SearchAgent] INFO: [Search Agent] 批量查询 Semantic Scholar: 第 21 批，共 500 篇论文
2026-03-13 12:11:21,326 - [SearchAgent] WARNING: Semantic Scholar Batch API 限流 (429)，第 1 次重试，等待 1.0 秒...
2026-03-13 12:11:22,572 - [SearchAgent] WARNING: Semantic Scholar Batch API 限流 (429)，第 2 次重试，等待 2.0 秒...
2026-03-13 12:11:25,092 - [SearchAgent] WARNING: Semantic Scholar Batch API 限流 (429)，第 3 次重试，等待 4.0 秒...
2026-03-13 12:11:29,093 - [SearchAgent] INFO: [Search Agent] 批量查询 Semantic Scholar: 第 22 批，共 500 篇论文
2026-03-13 12:11:29,603 - [SearchAgent] WARNING: Semantic Scholar Batch API 限流 (429)，第 1 次重试，等待 1.0 秒...
2026-03-13 12:11:30,845 - [SearchAgent] WARNING: Semantic Scholar Batch API 限流 (429)，第 2 次重试，等待 2.0 秒...
2026-03-13 12:11:33,087 - [SearchAgent] WARNING: Semantic Scholar Batch API 限流 (429)，第 3 次重试，等待 4.0 秒...
2026-03-13 12:11:37,088 - [SearchAgent] INFO: [Search Agent] 批量查询 Semantic Scholar: 第 23 批，共 500 篇论文
2026-03-13 12:11:37,623 - [SearchAgent] WARNING: Semantic Scholar Batch API 限流 (429)，第 1 次重试，等待 1.0 秒...
2026-03-13 12:11:38,862 - [SearchAgent] WARNING: Semantic Scholar Batch API 限流 (429)，第 2 次重试，等待 2.0 秒...
2026-03-13 12:11:41,376 - [SearchAgent] WARNING: Semantic Scholar Batch API 限流 (429)，第 3 次重试，等待 4.0 秒...
2026-03-13 12:11:45,378 - [SearchAgent] INFO: [Search Agent] 批量查询 Semantic Scholar: 第 24 批，共 500 篇论文
2026-03-13 12:11:45,617 - [SearchAgent] WARNING: Semantic Scholar Batch API 限流 (429)，第 1 次重试，等待 1.0 秒...
2026-03-13 12:11:47,144 - [SearchAgent] WARNING: Semantic Scholar Batch API 限流 (429)，第 2 次重试，等待 2.0 秒...
2026-03-13 12:11:49,656 - [SearchAgent] WARNING: Semantic Scholar Batch API 限流 (429)，第 3 次重试，等待 4.0 秒...
2026-03-13 12:11:53,657 - [SearchAgent] INFO: [Search Agent] 批量查询 Semantic Scholar: 第 25 批，共 500 篇论文
2026-03-13 12:11:53,903 - [SearchAgent] WARNING: Semantic Scholar Batch API 限流 (429)，第 1 次重试，等待 1.0 秒...
2026-03-13 12:11:55,147 - [SearchAgent] WARNING: Semantic Scholar Batch API 限流 (429)，第 2 次重试，等待 2.0 秒...
2026-03-13 12:11:57,383 - [SearchAgent] WARNING: Semantic Scholar Batch API 限流 (429)，第 3 次重试，等待 4.0 秒...
2026-03-13 12:12:01,383 - [SearchAgent] INFO: [Search Agent] 批量查询 Semantic Scholar: 第 26 批，共 500 篇论文
2026-03-13 12:12:01,631 - [SearchAgent] WARNING: Semantic Scholar Batch API 限流 (429)，第 1 次重试，等待 1.0 秒...
2026-03-13 12:12:02,863 - [SearchAgent] WARNING: Semantic Scholar Batch API 限流 (429)，第 2 次重试，等待 2.0 秒...
2026-03-13 12:12:05,381 - [SearchAgent] WARNING: Semantic Scholar Batch API 限流 (429)，第 3 次重试，等待 4.0 秒...
2026-03-13 12:12:09,383 - [SearchAgent] INFO: [Search Agent] 批量查询 Semantic Scholar: 第 27 批，共 500 篇论文
2026-03-13 12:12:09,633 - [SearchAgent] WARNING: Semantic Scholar Batch API 限流 (429)，第 1 次重试，等待 1.0 秒...
2026-03-13 12:12:11,147 - [SearchAgent] WARNING: Semantic Scholar Batch API 限流 (429)，第 2 次重试，等待 2.0 秒...
2026-03-13 12:12:13,385 - [SearchAgent] WARNING: Semantic Scholar Batch API 限流 (429)，第 3 次重试，等待 4.0 秒...
2026-03-13 12:12:17,386 - [SearchAgent] INFO: [Search Agent] 批量查询 Semantic Scholar: 第 28 批，共 500 篇论文
2026-03-13 12:12:17,630 - [SearchAgent] WARNING: Semantic Scholar Batch API 限流 (429)，第 1 次重试，等待 1.0 秒...
2026-03-13 12:12:18,871 - [SearchAgent] WARNING: Semantic Scholar Batch API 限流 (429)，第 2 次重试，等待 2.0 秒...
2026-03-13 12:12:21,387 - [SearchAgent] WARNING: Semantic Scholar Batch API 限流 (429)，第 3 次重试，等待 4.0 秒...
2026-03-13 12:12:25,388 - [SearchAgent] INFO: [Search Agent] 批量查询 Semantic Scholar: 第 29 批，共 500 篇论文
2026-03-13 12:12:25,899 - [SearchAgent] WARNING: Semantic Scholar Batch API 限流 (429)，第 1 次重试，等待 1.0 秒...
2026-03-13 12:12:27,139 - [SearchAgent] WARNING: Semantic Scholar Batch API 限流 (429)，第 2 次重试，等待 2.0 秒...
2026-03-13 12:12:29,381 - [SearchAgent] WARNING: Semantic Scholar Batch API 限流 (429)，第 3 次重试，等待 4.0 秒...
2026-03-13 12:12:33,382 - [SearchAgent] INFO: [Search Agent] 批量查询 Semantic Scholar: 第 30 批，共 500 篇论文
2026-03-13 12:12:33,632 - [SearchAgent] WARNING: Semantic Scholar Batch API 限流 (429)，第 1 次重试，等待 1.0 秒...
2026-03-13 12:12:35,153 - [SearchAgent] WARNING: Semantic Scholar Batch API 限流 (429)，第 2 次重试，等待 2.0 秒...
2026-03-13 12:12:37,672 - [SearchAgent] WARNING: Semantic Scholar Batch API 限流 (429)，第 3 次重试，等待 4.0 秒...
2026-03-13 12:12:41,673 - [SearchAgent] INFO: [Search Agent] 批量查询 Semantic Scholar: 第 31 批，共 500 篇论文
2026-03-13 12:12:41,928 - [SearchAgent] WARNING: Semantic Scholar Batch API 限流 (429)，第 1 次重试，等待 1.0 秒...
2026-03-13 12:12:43,171 - [SearchAgent] WARNING: Semantic Scholar Batch API 限流 (429)，第 2 次重试，等待 2.0 秒...
2026-03-13 12:12:45,683 - [SearchAgent] WARNING: Semantic Scholar Batch API 限流 (429)，第 3 次重试，等待 4.0 秒...
2026-03-13 12:12:49,684 - [SearchAgent] INFO: [Search Agent] 批量查询 Semantic Scholar: 第 32 批，共 500 篇论文
2026-03-13 12:12:49,927 - [SearchAgent] WARNING: Semantic Scholar Batch API 限流 (429)，第 1 次重试，等待 1.0 秒...
2026-03-13 12:12:51,167 - [SearchAgent] WARNING: Semantic Scholar Batch API 限流 (429)，第 2 次重试，等待 2.0 秒...
2026-03-13 12:12:53,407 - [SearchAgent] WARNING: Semantic Scholar Batch API 限流 (429)，第 3 次重试，等待 4.0 秒...
2026-03-13 12:12:57,408 - [SearchAgent] INFO: [Search Agent] 批量查询 Semantic Scholar: 第 33 批，共 500 篇论文
2026-03-13 12:12:57,648 - [SearchAgent] WARNING: Semantic Scholar Batch API 限流 (429)，第 1 次重试，等待 1.0 秒...
2026-03-13 12:12:58,889 - [SearchAgent] WARNING: Semantic Scholar Batch API 限流 (429)，第 2 次重试，等待 2.0 秒...
2026-03-13 12:13:01,132 - [SearchAgent] WARNING: Semantic Scholar Batch API 限流 (429)，第 3 次重试，等待 4.0 秒...
2026-03-13 12:13:05,133 - [SearchAgent] INFO: [Search Agent] 批量查询 Semantic Scholar: 第 34 批，共 500 篇论文
2026-03-13 12:13:05,645 - [SearchAgent] WARNING: Semantic Scholar Batch API 限流 (429)，第 1 次重试，等待 1.0 秒...
2026-03-13 12:13:06,884 - [SearchAgent] WARNING: Semantic Scholar Batch API 限流 (429)，第 2 次重试，等待 2.0 秒...
2026-03-13 12:13:09,411 - [SearchAgent] WARNING: Semantic Scholar Batch API 限流 (429)，第 3 次重试，等待 4.0 秒...
2026-03-13 12:13:13,411 - [SearchAgent] INFO: [Search Agent] 批量查询 Semantic Scholar: 第 35 批，共 500 篇论文
2026-03-13 12:13:13,653 - [SearchAgent] WARNING: Semantic Scholar Batch API 限流 (429)，第 1 次重试，等待 1.0 秒...
2026-03-13 12:13:14,890 - [SearchAgent] WARNING: Semantic Scholar Batch API 限流 (429)，第 2 次重试，等待 2.0 秒...
2026-03-13 12:13:17,407 - [SearchAgent] WARNING: Semantic Scholar Batch API 限流 (429)，第 3 次重试，等待 4.0 秒...
2026-03-13 12:13:21,407 - [SearchAgent] INFO: [Search Agent] 批量查询 Semantic Scholar: 第 36 批，共 500 篇论文
2026-03-13 12:13:21,650 - [SearchAgent] WARNING: Semantic Scholar Batch API 限流 (429)，第 1 次重试，等待 1.0 秒...
2026-03-13 12:13:23,168 - [SearchAgent] WARNING: Semantic Scholar Batch API 限流 (429)，第 2 次重试，等待 2.0 秒...
2026-03-13 12:13:26,408 - [SearchAgent] DEBUG: 论文 2603.11689 在 Semantic Scholar 中未找到
2026-03-13 12:13:26,408 - [SearchAgent] DEBUG: 论文 2603.11631 在 Semantic Scholar 中未找到
2026-03-13 12:13:26,408 - [SearchAgent] DEBUG: 论文 2603.11380 在 Semantic Scholar 中未找到
2026-03-13 12:13:26,409 - [SearchAgent] DEBUG: 论文 2601.22218 在 Semantic Scholar 中未找到
2026-03-13 12:13:26,409 - [SearchAgent] DEBUG: 论文 2510.05674 在 Semantic Scholar 中未找到
2026-03-13 12:13:26,409 - [SearchAgent] INFO: [Search Agent] 批量查询 Semantic Scholar: 第 37 批，共 500 篇论文
2026-03-13 12:13:26,647 - [SearchAgent] WARNING: Semantic Scholar Batch API 限流 (429)，第 1 次重试，等待 1.0 秒...
2026-03-13 12:13:27,883 - [SearchAgent] WARNING: Semantic Scholar Batch API 限流 (429)，第 2 次重试，等待 2.0 秒...
2026-03-13 12:13:30,802 - [SearchAgent] DEBUG: 论文 2603.11281 在 Semantic Scholar 中未找到
2026-03-13 12:13:30,803 - [SearchAgent] DEBUG: 论文 2603.11213 在 Semantic Scholar 中未找到
2026-03-13 12:13:30,803 - [SearchAgent] DEBUG: 论文 2603.11097 在 Semantic Scholar 中未找到
2026-03-13 12:13:30,803 - [SearchAgent] INFO: [Search Agent] 批量查询 Semantic Scholar: 第 38 批，共 500 篇论文
2026-03-13 12:13:31,040 - [SearchAgent] WARNING: Semantic Scholar Batch API 限流 (429)，第 1 次重试，等待 1.0 秒...
2026-03-13 12:13:33,232 - [SearchAgent] DEBUG: 论文 2507.17509 在 Semantic Scholar 中未找到
2026-03-13 12:13:33,232 - [SearchAgent] DEBUG: 论文 2507.16075 在 Semantic Scholar 中未找到
2026-03-13 12:13:33,232 - [SearchAgent] DEBUG: 论文 2506.20068 在 Semantic Scholar 中未找到
2026-03-13 12:13:33,233 - [SearchAgent] DEBUG: 论文 2603.12258 在 Semantic Scholar 中未找到
2026-03-13 12:13:33,233 - [SearchAgent] DEBUG: 论文 2603.12224 在 Semantic Scholar 中未找到
2026-03-13 12:13:33,233 - [SearchAgent] DEBUG: 论文 2603.12205 在 Semantic Scholar 中未找到
2026-03-13 12:13:33,233 - [SearchAgent] DEBUG: 论文 2603.12178 在 Semantic Scholar 中未找到
2026-03-13 12:13:33,233 - [SearchAgent] DEBUG: 论文 2603.12156 在 Semantic Scholar 中未找到
2026-03-13 12:13:33,233 - [SearchAgent] DEBUG: 论文 2603.12141 在 Semantic Scholar 中未找到
2026-03-13 12:13:33,233 - [SearchAgent] DEBUG: 论文 2603.12136 在 Semantic Scholar 中未找到
2026-03-13 12:13:33,233 - [SearchAgent] DEBUG: 论文 2603.12112 在 Semantic Scholar 中未找到
2026-03-13 12:13:33,233 - [SearchAgent] DEBUG: 论文 2603.12106 在 Semantic Scholar 中未找到
2026-03-13 12:13:33,233 - [SearchAgent] DEBUG: 论文 2603.12104 在 Semantic Scholar 中未找到
2026-03-13 12:13:33,233 - [SearchAgent] DEBUG: 论文 2603.12083 在 Semantic Scholar 中未找到
2026-03-13 12:13:33,233 - [SearchAgent] DEBUG: 论文 2603.12052 在 Semantic Scholar 中未找到
2026-03-13 12:13:33,233 - [SearchAgent] DEBUG: 论文 2603.12051 在 Semantic Scholar 中未找到
2026-03-13 12:13:33,234 - [SearchAgent] DEBUG: 论文 2603.12039 在 Semantic Scholar 中未找到
2026-03-13 12:13:33,234 - [SearchAgent] DEBUG: 论文 2603.12027 在 Semantic Scholar 中未找到
2026-03-13 12:13:33,234 - [SearchAgent] DEBUG: 论文 2603.12023 在 Semantic Scholar 中未找到
2026-03-13 12:13:33,234 - [SearchAgent] DEBUG: 论文 2603.11996 在 Semantic Scholar 中未找到
2026-03-13 12:13:33,234 - [SearchAgent] DEBUG: 论文 2603.11964 在 Semantic Scholar 中未找到
2026-03-13 12:13:33,234 - [SearchAgent] DEBUG: 论文 2603.11958 在 Semantic Scholar 中未找到
2026-03-13 12:13:33,234 - [SearchAgent] DEBUG: 论文 2603.11954 在 Semantic Scholar 中未找到
2026-03-13 12:13:33,234 - [SearchAgent] DEBUG: 论文 2603.11953 在 Semantic Scholar 中未找到
2026-03-13 12:13:33,234 - [SearchAgent] DEBUG: 论文 2603.11934 在 Semantic Scholar 中未找到
2026-03-13 12:13:33,234 - [SearchAgent] DEBUG: 论文 2603.11898 在 Semantic Scholar 中未找到
2026-03-13 12:13:33,235 - [SearchAgent] DEBUG: 论文 2603.11874 在 Semantic Scholar 中未找到
2026-03-13 12:13:33,235 - [SearchAgent] DEBUG: 论文 2603.11873 在 Semantic Scholar 中未找到
2026-03-13 12:13:33,235 - [SearchAgent] DEBUG: 论文 2603.11826 在 Semantic Scholar 中未找到
2026-03-13 12:13:33,235 - [SearchAgent] DEBUG: 论文 2603.11805 在 Semantic Scholar 中未找到
2026-03-13 12:13:33,235 - [SearchAgent] DEBUG: 论文 2603.11802 在 Semantic Scholar 中未找到
2026-03-13 12:13:33,235 - [SearchAgent] DEBUG: 论文 2603.11781 在 Semantic Scholar 中未找到
2026-03-13 12:13:33,235 - [SearchAgent] DEBUG: 论文 2603.11780 在 Semantic Scholar 中未找到
2026-03-13 12:13:33,235 - [SearchAgent] DEBUG: 论文 2603.11763 在 Semantic Scholar 中未找到
2026-03-13 12:13:33,235 - [SearchAgent] DEBUG: 论文 2603.11729 在 Semantic Scholar 中未找到
2026-03-13 12:13:33,235 - [SearchAgent] DEBUG: 论文 2603.11723 在 Semantic Scholar 中未找到
2026-03-13 12:13:33,235 - [SearchAgent] DEBUG: 论文 2603.11717 在 Semantic Scholar 中未找到
2026-03-13 12:13:33,235 - [SearchAgent] DEBUG: 论文 2603.11716 在 Semantic Scholar 中未找到
2026-03-13 12:13:33,235 - [SearchAgent] DEBUG: 论文 2603.11711 在 Semantic Scholar 中未找到
2026-03-13 12:13:33,235 - [SearchAgent] DEBUG: 论文 2603.11709 在 Semantic Scholar 中未找到
2026-03-13 12:13:33,235 - [SearchAgent] DEBUG: 论文 2603.11708 在 Semantic Scholar 中未找到
2026-03-13 12:13:33,235 - [SearchAgent] DEBUG: 论文 2603.11700 在 Semantic Scholar 中未找到
2026-03-13 12:13:33,235 - [SearchAgent] DEBUG: 论文 2603.11686 在 Semantic Scholar 中未找到
2026-03-13 12:13:33,235 - [SearchAgent] DEBUG: 论文 2603.11648 在 Semantic Scholar 中未找到
2026-03-13 12:13:33,235 - [SearchAgent] DEBUG: 论文 2603.11645 在 Semantic Scholar 中未找到
2026-03-13 12:13:33,235 - [SearchAgent] DEBUG: 论文 2603.11628 在 Semantic Scholar 中未找到
2026-03-13 12:13:33,235 - [SearchAgent] DEBUG: 论文 2603.11544 在 Semantic Scholar 中未找到
2026-03-13 12:13:33,235 - [SearchAgent] DEBUG: 论文 2603.11530 在 Semantic Scholar 中未找到
2026-03-13 12:13:33,235 - [SearchAgent] DEBUG: 论文 2603.11523 在 Semantic Scholar 中未找到
2026-03-13 12:13:33,235 - [SearchAgent] DEBUG: 论文 2603.11502 在 Semantic Scholar 中未找到
2026-03-13 12:13:33,235 - [SearchAgent] DEBUG: 论文 2603.11486 在 Semantic Scholar 中未找到
2026-03-13 12:13:33,235 - [SearchAgent] DEBUG: 论文 2603.11478 在 Semantic Scholar 中未找到
2026-03-13 12:13:33,235 - [SearchAgent] DEBUG: 论文 2603.11474 在 Semantic Scholar 中未找到
2026-03-13 12:13:33,235 - [SearchAgent] DEBUG: 论文 2603.11455 在 Semantic Scholar 中未找到
2026-03-13 12:13:33,235 - [SearchAgent] DEBUG: 论文 2603.11420 在 Semantic Scholar 中未找到
2026-03-13 12:13:33,235 - [SearchAgent] DEBUG: 论文 2603.11412 在 Semantic Scholar 中未找到
2026-03-13 12:13:33,235 - [SearchAgent] DEBUG: 论文 2603.11402 在 Semantic Scholar 中未找到
2026-03-13 12:13:33,235 - [SearchAgent] DEBUG: 论文 2603.11309 在 Semantic Scholar 中未找到
2026-03-13 12:13:33,235 - [SearchAgent] DEBUG: 论文 2603.11270 在 Semantic Scholar 中未找到
2026-03-13 12:13:33,236 - [SearchAgent] DEBUG: 论文 2603.11267 在 Semantic Scholar 中未找到
2026-03-13 12:13:33,236 - [SearchAgent] DEBUG: 论文 2603.11247 在 Semantic Scholar 中未找到
2026-03-13 12:13:33,236 - [SearchAgent] DEBUG: 论文 2603.11237 在 Semantic Scholar 中未找到
2026-03-13 12:13:33,236 - [SearchAgent] DEBUG: 论文 2603.11169 在 Semantic Scholar 中未找到
2026-03-13 12:13:33,236 - [SearchAgent] DEBUG: 论文 2603.11091 在 Semantic Scholar 中未找到
2026-03-13 12:13:33,236 - [SearchAgent] INFO: [Search Agent] 批量查询 Semantic Scholar: 第 39 批，共 500 篇论文
2026-03-13 12:13:33,474 - [SearchAgent] WARNING: Semantic Scholar Batch API 限流 (429)，第 1 次重试，等待 1.0 秒...
2026-03-13 12:13:34,713 - [SearchAgent] WARNING: Semantic Scholar Batch API 限流 (429)，第 2 次重试，等待 2.0 秒...
2026-03-13 12:13:37,227 - [SearchAgent] WARNING: Semantic Scholar Batch API 限流 (429)，第 3 次重试，等待 4.0 秒...
2026-03-13 12:13:41,227 - [SearchAgent] INFO: [Search Agent] 批量查询 Semantic Scholar: 第 40 批，共 500 篇论文
2026-03-13 12:13:41,468 - [SearchAgent] WARNING: Semantic Scholar Batch API 限流 (429)，第 1 次重试，等待 1.0 秒...
2026-03-13 12:13:42,990 - [SearchAgent] WARNING: Semantic Scholar Batch API 限流 (429)，第 2 次重试，等待 2.0 秒...
2026-03-13 12:13:45,223 - [SearchAgent] WARNING: Semantic Scholar Batch API 限流 (429)，第 3 次重试，等待 4.0 秒...
2026-03-13 12:13:49,224 - [SearchAgent] INFO: [Search Agent] 批量查询 Semantic Scholar: 第 41 批，共 500 篇论文
2026-03-13 12:13:49,461 - [SearchAgent] WARNING: Semantic Scholar Batch API 限流 (429)，第 1 次重试，等待 1.0 秒...
2026-03-13 12:13:50,708 - [SearchAgent] WARNING: Semantic Scholar Batch API 限流 (429)，第 2 次重试，等待 2.0 秒...
2026-03-13 12:13:52,948 - [SearchAgent] WARNING: Semantic Scholar Batch API 限流 (429)，第 3 次重试，等待 4.0 秒...
2026-03-13 12:13:56,949 - [SearchAgent] INFO: [Search Agent] 批量查询 Semantic Scholar: 第 42 批，共 500 篇论文
2026-03-13 12:13:57,467 - [SearchAgent] WARNING: Semantic Scholar Batch API 限流 (429)，第 1 次重试，等待 1.0 秒...
2026-03-13 12:13:58,707 - [SearchAgent] WARNING: Semantic Scholar Batch API 限流 (429)，第 2 次重试，等待 2.0 秒...
2026-03-13 12:14:01,229 - [SearchAgent] WARNING: Semantic Scholar Batch API 限流 (429)，第 3 次重试，等待 4.0 秒...
2026-03-13 12:14:05,229 - [SearchAgent] INFO: [Search Agent] 批量查询 Semantic Scholar: 第 43 批，共 500 篇论文
2026-03-13 12:14:05,470 - [SearchAgent] WARNING: Semantic Scholar Batch API 限流 (429)，第 1 次重试，等待 1.0 秒...
2026-03-13 12:14:06,976 - [SearchAgent] WARNING: Semantic Scholar Batch API 限流 (429)，第 2 次重试，等待 2.0 秒...
2026-03-13 12:14:09,487 - [SearchAgent] WARNING: Semantic Scholar Batch API 限流 (429)，第 3 次重试，等待 4.0 秒...
2026-03-13 12:14:13,488 - [SearchAgent] INFO: [Search Agent] 批量查询 Semantic Scholar: 第 44 批，共 500 篇论文
2026-03-13 12:14:14,012 - [SearchAgent] WARNING: Semantic Scholar Batch API 限流 (429)，第 1 次重试，等待 1.0 秒...
2026-03-13 12:14:15,517 - [SearchAgent] WARNING: Semantic Scholar Batch API 限流 (429)，第 2 次重试，等待 2.0 秒...
2026-03-13 12:14:18,031 - [SearchAgent] WARNING: Semantic Scholar Batch API 限流 (429)，第 3 次重试，等待 4.0 秒...
2026-03-13 12:14:22,032 - [SearchAgent] INFO: [Search Agent] 批量查询 Semantic Scholar: 第 45 批，共 500 篇论文
2026-03-13 12:14:22,542 - [SearchAgent] WARNING: Semantic Scholar Batch API 限流 (429)，第 1 次重试，等待 1.0 秒...
2026-03-13 12:14:23,790 - [SearchAgent] WARNING: Semantic Scholar Batch API 限流 (429)，第 2 次重试，等待 2.0 秒...
2026-03-13 12:14:26,029 - [SearchAgent] WARNING: Semantic Scholar Batch API 限流 (429)，第 3 次重试，等待 4.0 秒...
2026-03-13 12:14:30,030 - [SearchAgent] INFO: [Search Agent] 批量查询 Semantic Scholar: 第 46 批，共 500 篇论文
2026-03-13 12:14:30,275 - [SearchAgent] WARNING: Semantic Scholar Batch API 限流 (429)，第 1 次重试，等待 1.0 秒...
2026-03-13 12:14:31,515 - [SearchAgent] WARNING: Semantic Scholar Batch API 限流 (429)，第 2 次重试，等待 2.0 秒...
2026-03-13 12:14:33,747 - [SearchAgent] WARNING: Semantic Scholar Batch API 限流 (429)，第 3 次重试，等待 4.0 秒...
2026-03-13 12:14:37,747 - [SearchAgent] INFO: [Search Agent] 批量查询 Semantic Scholar: 第 47 批，共 493 篇论文
2026-03-13 12:14:37,987 - [SearchAgent] WARNING: Semantic Scholar Batch API 限流 (429)，第 1 次重试，等待 1.0 秒...
2026-03-13 12:14:39,224 - [SearchAgent] WARNING: Semantic Scholar Batch API 限流 (429)，第 2 次重试，等待 2.0 秒...
2026-03-13 12:14:41,468 - [SearchAgent] WARNING: Semantic Scholar Batch API 限流 (429)，第 3 次重试，等待 4.0 秒...
2026-03-13 12:14:45,470 - [SearchAgent] INFO: [Search Agent] 批量查询完成，成功获取 610 篇论文的引用数据
2026-03-13 12:14:45,678 - [SearchAgent] INFO: [Search Agent] 引用数据获取完成，成功增强 23493 篇论文
2026-03-13 12:14:46,124 - [SearchAgent] INFO: [Search Agent] 论文已保存至: d:\work\code\PaperAutoReader\data\raw_papers\2026-03-13.json
2026-03-13 12:14:46,124 - [SearchAgent] INFO: [Search Agent] 数据抓取流程完成
2026-03-13 15:23:42,405 - [FilterAgent] INFO: Saved 23493 scored papers to D:\work\code\PaperAutoReader\data\scored_papers\2026-03-13.json
2026-03-13 15:27:40,428 - [FilterAgent] INFO: Saved 23493 scored papers to D:\work\code\PaperAutoReader\data\scored_papers\2026-03-13.json
