2026-03-11 11:08:45,299 - [SearchAgent] WARNING: Semantic Scholar API 限流 (429)，第 1 次重试，等待 1.0 秒...
2026-03-11 11:08:46,527 - [SearchAgent] WARNING: Semantic Scholar API 限流 (429)，第 2 次重试，等待 2.0 秒...
2026-03-11 11:08:48,761 - [SearchAgent] WARNING: Semantic Scholar API 限流 (429)，第 3 次重试，等待 4.0 秒...
2026-03-11 11:08:52,762 - [SearchAgent] ERROR: Semantic Scholar API: 达到最大重试次数 3，放弃
2026-03-11 11:08:52,767 - [SearchAgent] INFO: 从 YAML 文件加载配置: d:\work\code\PaperAutoReader\fields\Domain_Profile_QML.yaml
2026-03-11 11:08:52,767 - [SearchAgent] DEBUG: 构建了 9 个搜索查询: ['all:PQC', 'all:barren plateau', 'all:parameterized quantum circuit', 'abs:quantum machine learning', 'ti:VQA', 'ti:quantum machine learning', 'ti:variational quantum algorithm', 'abs:VQA', 'abs:variational quantum algorithm']
2026-03-11 11:08:52,770 - [SearchAgent] DEBUG: 构建了 7 个搜索查询: ['all:barren plateau', 'all:parameterized quantum circuit', 'abs:quantum machine learning', 'all:VQA', 'ti:quantum machine learning', 'ti:variational quantum algorithm', 'abs:variational quantum algorithm']
2026-03-11 11:08:52,770 - [SearchAgent] INFO: [Search Agent] 正在查询 arXiv: all:barren plateau
2026-03-11 11:08:59,442 - [SearchAgent] ERROR: arXiv 查询失败 [all:barren plateau]: can't compare offset-naive and offset-aware datetimes
2026-03-11 11:08:59,442 - [SearchAgent] INFO: [Search Agent] 正在查询 arXiv: all:parameterized quantum circuit
2026-03-11 11:09:02,465 - [SearchAgent] ERROR: arXiv 查询失败 [all:parameterized quantum circuit]: can't compare offset-naive and offset-aware datetimes
2026-03-11 11:09:02,465 - [SearchAgent] INFO: [Search Agent] 正在查询 arXiv: abs:quantum machine learning
2026-03-11 11:09:04,978 - [SearchAgent] ERROR: arXiv 查询失败 [abs:quantum machine learning]: can't compare offset-naive and offset-aware datetimes
2026-03-11 11:09:04,978 - [SearchAgent] INFO: [Search Agent] 正在查询 arXiv: all:VQA
2026-03-11 11:09:07,379 - [SearchAgent] ERROR: arXiv 查询失败 [all:VQA]: can't compare offset-naive and offset-aware datetimes
2026-03-11 11:09:07,379 - [SearchAgent] INFO: [Search Agent] 正在查询 arXiv: ti:quantum machine learning
2026-03-11 11:09:09,944 - [SearchAgent] ERROR: arXiv 查询失败 [ti:quantum machine learning]: can't compare offset-naive and offset-aware datetimes
2026-03-11 11:09:09,945 - [SearchAgent] INFO: [Search Agent] 正在查询 arXiv: ti:variational quantum algorithm
2026-03-11 11:09:13,707 - [SearchAgent] ERROR: arXiv 查询失败 [ti:variational quantum algorithm]: can't compare offset-naive and offset-aware datetimes
2026-03-11 11:09:13,708 - [SearchAgent] INFO: [Search Agent] 正在查询 arXiv: abs:variational quantum algorithm
2026-03-11 11:09:16,477 - [SearchAgent] INFO: [Search Agent] 成功从 arXiv 抓取 0 篇论文
2026-03-11 14:50:49,254 - [SearchAgent] WARNING: Semantic Scholar API 限流 (429)，第 1 次重试，等待 1.0 秒...
2026-03-11 14:50:50,898 - [SearchAgent] INFO: 从 YAML 文件加载配置: D:\work\code\PaperAutoReader\fields\Domain_Profile_QML.yaml
2026-03-11 14:50:50,898 - [SearchAgent] DEBUG: 构建了 9 个搜索查询: ['all:barren plateau', 'ti:VQA', 'ti:quantum machine learning', 'abs:VQA', 'ti:variational quantum algorithm', 'all:parameterized quantum circuit', 'abs:quantum machine learning', 'abs:variational quantum algorithm', 'all:PQC']
2026-03-11 14:50:50,898 - [SearchAgent] DEBUG: 构建了 7 个搜索查询: ['all:barren plateau', 'ti:quantum machine learning', 'all:parameterized quantum circuit', 'ti:variational quantum algorithm', 'abs:quantum machine learning', 'abs:variational quantum algorithm', 'all:VQA']
2026-03-11 14:50:50,898 - [SearchAgent] INFO: [Search Agent] 正在查询 arXiv: all:barren plateau
2026-03-11 14:50:53,401 - [SearchAgent] ERROR: arXiv 查询失败 [all:barren plateau]: can't compare offset-naive and offset-aware datetimes
2026-03-11 14:50:53,401 - [SearchAgent] INFO: [Search Agent] 正在查询 arXiv: ti:quantum machine learning
2026-03-11 14:50:55,808 - [SearchAgent] ERROR: arXiv 查询失败 [ti:quantum machine learning]: can't compare offset-naive and offset-aware datetimes
2026-03-11 14:50:55,808 - [SearchAgent] INFO: [Search Agent] 正在查询 arXiv: all:parameterized quantum circuit
2026-03-11 14:50:58,216 - [SearchAgent] ERROR: arXiv 查询失败 [all:parameterized quantum circuit]: can't compare offset-naive and offset-aware datetimes
2026-03-11 14:50:58,216 - [SearchAgent] INFO: [Search Agent] 正在查询 arXiv: ti:variational quantum algorithm
2026-03-11 14:51:00,928 - [SearchAgent] ERROR: arXiv 查询失败 [ti:variational quantum algorithm]: can't compare offset-naive and offset-aware datetimes
2026-03-11 14:51:00,928 - [SearchAgent] INFO: [Search Agent] 正在查询 arXiv: abs:quantum machine learning
2026-03-11 14:51:04,067 - [SearchAgent] ERROR: arXiv 查询失败 [abs:quantum machine learning]: can't compare offset-naive and offset-aware datetimes
2026-03-11 14:51:04,067 - [SearchAgent] INFO: [Search Agent] 正在查询 arXiv: abs:variational quantum algorithm
2026-03-11 14:51:06,465 - [SearchAgent] INFO: [Search Agent] 正在查询 arXiv: all:VQA
2026-03-11 14:51:08,795 - [SearchAgent] ERROR: arXiv 查询失败 [all:VQA]: can't compare offset-naive and offset-aware datetimes
2026-03-11 14:51:08,796 - [SearchAgent] INFO: [Search Agent] 成功从 arXiv 抓取 0 篇论文
2026-03-11 15:10:19,316 - [SearchAgent] INFO: 从 YAML 文件加载配置: D:\work\code\PaperAutoReader\fields\Domain_Profile_QML.yaml
2026-03-11 15:10:19,317 - [SearchAgent] DEBUG: 构建了 9 个搜索查询: ['all:parameterized quantum circuit', 'ti:VQA', 'all:barren plateau', 'abs:quantum machine learning', 'all:PQC', 'ti:variational quantum algorithm', 'ti:quantum machine learning', 'abs:VQA', 'abs:variational quantum algorithm']
2026-03-11 15:10:19,317 - [SearchAgent] DEBUG: 构建了 7 个搜索查询: ['all:parameterized quantum circuit', 'all:VQA', 'all:barren plateau', 'abs:quantum machine learning', 'ti:variational quantum algorithm', 'ti:quantum machine learning', 'abs:variational quantum algorithm']
2026-03-11 15:10:19,317 - [SearchAgent] INFO: [Search Agent] 正在查询 arXiv: all:parameterized quantum circuit
2026-03-11 15:10:21,120 - [SearchAgent] INFO: [Search Agent] 正在查询 arXiv: all:VQA
2026-03-11 15:10:22,968 - [SearchAgent] INFO: [Search Agent] 正在查询 arXiv: all:barren plateau
2026-03-11 15:10:24,828 - [SearchAgent] INFO: [Search Agent] 正在查询 arXiv: abs:quantum machine learning
2026-03-11 15:10:26,501 - [SearchAgent] INFO: [Search Agent] 正在查询 arXiv: ti:variational quantum algorithm
2026-03-11 15:10:28,198 - [SearchAgent] INFO: [Search Agent] 正在查询 arXiv: ti:quantum machine learning
2026-03-11 15:10:30,002 - [SearchAgent] INFO: [Search Agent] 正在查询 arXiv: abs:variational quantum algorithm
2026-03-11 15:10:31,773 - [SearchAgent] INFO: [Search Agent] 成功从 arXiv 抓取 6 篇论文
2026-03-11 15:10:31,774 - [SearchAgent] INFO: [Search Agent] 正在获取 6 篇论文的引用数据...
2026-03-11 15:10:32,596 - [SearchAgent] DEBUG: Semantic Scholar: 论文未找到 (404): https://api.semanticscholar.org/graph/v1/paper/ARXIV:2603.09966
2026-03-11 15:10:32,832 - [SearchAgent] WARNING: Semantic Scholar API 限流 (429)，第 1 次重试，等待 1.0 秒...
2026-03-11 15:10:34,515 - [SearchAgent] WARNING: Semantic Scholar API 限流 (429)，第 1 次重试，等待 1.0 秒...
2026-03-11 15:10:35,775 - [SearchAgent] WARNING: Semantic Scholar API 限流 (429)，第 2 次重试，等待 2.0 秒...
2026-03-11 15:10:38,031 - [SearchAgent] DEBUG: Semantic Scholar: 论文未找到 (404): https://api.semanticscholar.org/graph/v1/paper/ARXIV:2603.09959
2026-03-11 15:10:38,285 - [SearchAgent] WARNING: Semantic Scholar API 限流 (429)，第 1 次重试，等待 1.0 秒...
2026-03-11 15:10:39,520 - [SearchAgent] WARNING: Semantic Scholar API 限流 (429)，第 2 次重试，等待 2.0 秒...
2026-03-11 15:10:41,755 - [SearchAgent] WARNING: Semantic Scholar API 限流 (429)，第 3 次重试，等待 4.0 秒...
2026-03-11 15:10:45,756 - [SearchAgent] ERROR: Semantic Scholar API: 达到最大重试次数 3，放弃
2026-03-11 15:10:46,104 - [SearchAgent] WARNING: Semantic Scholar API 限流 (429)，第 1 次重试，等待 1.0 秒...
2026-03-11 15:10:47,331 - [SearchAgent] WARNING: Semantic Scholar API 限流 (429)，第 2 次重试，等待 2.0 秒...
2026-03-11 15:10:49,563 - [SearchAgent] WARNING: Semantic Scholar API 限流 (429)，第 3 次重试，等待 4.0 秒...
2026-03-11 15:10:53,563 - [SearchAgent] ERROR: Semantic Scholar API: 达到最大重试次数 3，放弃
2026-03-11 15:10:56,918 - [SearchAgent] WARNING: Semantic Scholar API 限流 (429)，第 1 次重试，等待 1.0 秒...
2026-03-11 15:10:58,166 - [SearchAgent] DEBUG: Semantic Scholar: 论文未找到 (404): https://api.semanticscholar.org/graph/v1/paper/ARXIV:2603.09944
2026-03-11 15:10:58,433 - [SearchAgent] WARNING: Semantic Scholar API 限流 (429)，第 1 次重试，等待 1.0 秒...
2026-03-11 15:10:59,673 - [SearchAgent] WARNING: Semantic Scholar API 限流 (429)，第 2 次重试，等待 2.0 秒...
2026-03-11 15:11:01,915 - [SearchAgent] WARNING: Semantic Scholar API 限流 (429)，第 3 次重试，等待 4.0 秒...
2026-03-11 15:11:05,916 - [SearchAgent] ERROR: Semantic Scholar API: 达到最大重试次数 3，放弃
2026-03-11 15:11:06,252 - [SearchAgent] DEBUG: Semantic Scholar: 论文未找到 (404): https://api.semanticscholar.org/graph/v1/paper/ARXIV:2603.09974
2026-03-11 15:11:06,485 - [SearchAgent] WARNING: Semantic Scholar API 限流 (429)，第 1 次重试，等待 1.0 秒...
2026-03-11 15:11:07,717 - [SearchAgent] WARNING: Semantic Scholar API 限流 (429)，第 2 次重试，等待 2.0 秒...
2026-03-11 15:11:10,232 - [SearchAgent] WARNING: Semantic Scholar API 限流 (429)，第 3 次重试，等待 4.0 秒...
2026-03-11 15:11:14,232 - [SearchAgent] ERROR: Semantic Scholar API: 达到最大重试次数 3，放弃
2026-03-11 15:11:14,859 - [SearchAgent] WARNING: Semantic Scholar API 限流 (429)，第 1 次重试，等待 1.0 秒...
2026-03-11 15:11:16,094 - [SearchAgent] WARNING: Semantic Scholar API 限流 (429)，第 2 次重试，等待 2.0 秒...
2026-03-11 15:11:18,323 - [SearchAgent] WARNING: Semantic Scholar API 限流 (429)，第 3 次重试，等待 4.0 秒...
2026-03-11 15:11:22,324 - [SearchAgent] ERROR: Semantic Scholar API: 达到最大重试次数 3，放弃
2026-03-11 15:11:22,576 - [SearchAgent] WARNING: Semantic Scholar API 限流 (429)，第 1 次重试，等待 1.0 秒...
2026-03-11 15:11:23,814 - [SearchAgent] WARNING: Semantic Scholar API 限流 (429)，第 2 次重试，等待 2.0 秒...
2026-03-11 15:11:27,125 - [SearchAgent] INFO: [Search Agent] 引用数据获取完成，成功增强 6 篇论文
2026-03-11 15:11:27,129 - [SearchAgent] INFO: [Search Agent] 论文已保存至: D:\work\code\PaperAutoReader\data\raw_papers\2026-03-11.json
2026-03-11 15:23:58,219 - [SearchAgent] INFO: 从 YAML 文件加载配置: d:\work\code\PaperAutoReader\fields\Domain_Profile_QML.yaml
2026-03-11 15:23:58,219 - [SearchAgent] DEBUG: 构建了 9 个搜索查询: ['abs:variational quantum algorithm', 'ti:VQA', 'all:barren plateau', 'ti:variational quantum algorithm', 'all:parameterized quantum circuit', 'all:PQC', 'ti:quantum machine learning', 'abs:quantum machine learning', 'abs:VQA']
2026-03-11 15:23:58,220 - [SearchAgent] DEBUG: 构建了 7 个搜索查询: ['abs:variational quantum algorithm', 'all:barren plateau', 'ti:variational quantum algorithm', 'all:parameterized quantum circuit', 'ti:quantum machine learning', 'abs:quantum machine learning', 'all:VQA']
2026-03-11 15:23:58,220 - [SearchAgent] INFO: [Search Agent] 正在查询 arXiv: abs:variational quantum algorithm
2026-03-11 15:24:00,946 - [SearchAgent] INFO: [Search Agent] 正在查询 arXiv: all:barren plateau
2026-03-11 15:24:03,271 - [SearchAgent] INFO: [Search Agent] 正在查询 arXiv: ti:variational quantum algorithm
2026-03-11 15:24:05,600 - [SearchAgent] INFO: [Search Agent] 正在查询 arXiv: all:parameterized quantum circuit
2026-03-11 15:24:08,268 - [SearchAgent] INFO: [Search Agent] 正在查询 arXiv: ti:quantum machine learning
2026-03-11 15:24:10,700 - [SearchAgent] INFO: [Search Agent] 正在查询 arXiv: abs:quantum machine learning
2026-03-11 15:24:13,720 - [SearchAgent] INFO: [Search Agent] 正在查询 arXiv: all:VQA
2026-03-11 15:24:16,956 - [SearchAgent] INFO: [Search Agent] 成功从 arXiv 抓取 6 篇论文
2026-03-11 15:24:16,957 - [SearchAgent] INFO: [Search Agent] 正在获取 6 篇论文的引用数据...
2026-03-11 15:24:18,160 - [SearchAgent] WARNING: Semantic Scholar API 限流 (429)，第 1 次重试，等待 1.0 秒...
2026-03-11 15:24:19,809 - [SearchAgent] WARNING: Semantic Scholar API 限流 (429)，第 2 次重试，等待 2.0 秒...
2026-03-11 15:24:22,438 - [SearchAgent] WARNING: Semantic Scholar API 限流 (429)，第 3 次重试，等待 4.0 秒...
2026-03-11 15:24:26,438 - [SearchAgent] ERROR: Semantic Scholar API: 达到最大重试次数 3，放弃
2026-03-11 15:24:27,094 - [SearchAgent] WARNING: Semantic Scholar API 限流 (429)，第 1 次重试，等待 1.0 秒...
2026-03-11 15:24:28,728 - [SearchAgent] WARNING: Semantic Scholar API 限流 (429)，第 2 次重试，等待 2.0 秒...
2026-03-11 15:24:31,430 - [SearchAgent] WARNING: Semantic Scholar API 限流 (429)，第 3 次重试，等待 4.0 秒...
2026-03-11 15:24:35,431 - [SearchAgent] ERROR: Semantic Scholar API: 达到最大重试次数 3，放弃
2026-03-11 15:24:36,154 - [SearchAgent] WARNING: Semantic Scholar API 限流 (429)，第 1 次重试，等待 1.0 秒...
2026-03-11 15:24:37,790 - [SearchAgent] WARNING: Semantic Scholar API 限流 (429)，第 2 次重试，等待 2.0 秒...
2026-03-11 15:24:40,451 - [SearchAgent] DEBUG: Semantic Scholar: 论文未找到 (404): https://api.semanticscholar.org/graph/v1/paper/ARXIV:2603.09959
2026-03-11 15:24:41,110 - [SearchAgent] WARNING: Semantic Scholar API 限流 (429)，第 1 次重试，等待 1.0 秒...
2026-03-11 15:24:42,738 - [SearchAgent] WARNING: Semantic Scholar API 限流 (429)，第 2 次重试，等待 2.0 秒...
2026-03-11 15:24:45,387 - [SearchAgent] WARNING: Semantic Scholar API 限流 (429)，第 3 次重试，等待 4.0 秒...
2026-03-11 15:24:49,389 - [SearchAgent] ERROR: Semantic Scholar API: 达到最大重试次数 3，放弃
2026-03-11 15:24:50,112 - [SearchAgent] WARNING: Semantic Scholar API 限流 (429)，第 1 次重试，等待 1.0 秒...
2026-03-11 15:24:51,772 - [SearchAgent] DEBUG: Semantic Scholar: 论文未找到 (404): https://api.semanticscholar.org/graph/v1/paper/ARXIV:2603.09944
2026-03-11 15:24:52,057 - [SearchAgent] WARNING: Semantic Scholar API 限流 (429)，第 1 次重试，等待 1.0 秒...
2026-03-11 15:24:53,684 - [SearchAgent] WARNING: Semantic Scholar API 限流 (429)，第 2 次重试，等待 2.0 秒...
2026-03-11 15:24:57,451 - [SearchAgent] WARNING: Semantic Scholar API 限流 (429)，第 1 次重试，等待 1.0 秒...
2026-03-11 15:24:58,741 - [SearchAgent] DEBUG: Semantic Scholar: 论文未找到 (404): https://api.semanticscholar.org/graph/v1/paper/ARXIV:2603.09974
2026-03-11 15:24:59,366 - [SearchAgent] WARNING: Semantic Scholar API 限流 (429)，第 1 次重试，等待 1.0 秒...
2026-03-11 15:25:00,656 - [SearchAgent] WARNING: Semantic Scholar API 限流 (429)，第 2 次重试，等待 2.0 秒...
2026-03-11 15:25:03,314 - [SearchAgent] WARNING: Semantic Scholar API 限流 (429)，第 3 次重试，等待 4.0 秒...
2026-03-11 15:25:07,315 - [SearchAgent] ERROR: Semantic Scholar API: 达到最大重试次数 3，放弃
2026-03-11 15:25:08,072 - [SearchAgent] WARNING: Semantic Scholar API 限流 (429)，第 1 次重试，等待 1.0 秒...
2026-03-11 15:25:09,362 - [SearchAgent] WARNING: Semantic Scholar API 限流 (429)，第 2 次重试，等待 2.0 秒...
2026-03-11 15:25:12,001 - [SearchAgent] DEBUG: Semantic Scholar: 论文未找到 (404): https://api.semanticscholar.org/graph/v1/paper/ARXIV:2603.09972
2026-03-11 15:25:12,642 - [SearchAgent] WARNING: Semantic Scholar API 限流 (429)，第 1 次重试，等待 1.0 秒...
2026-03-11 15:25:13,934 - [SearchAgent] WARNING: Semantic Scholar API 限流 (429)，第 2 次重试，等待 2.0 秒...
2026-03-11 15:25:16,582 - [SearchAgent] WARNING: Semantic Scholar API 限流 (429)，第 3 次重试，等待 4.0 秒...
2026-03-11 15:25:20,582 - [SearchAgent] ERROR: Semantic Scholar API: 达到最大重试次数 3，放弃
2026-03-11 15:25:21,338 - [SearchAgent] WARNING: Semantic Scholar API 限流 (429)，第 1 次重试，等待 1.0 秒...
2026-03-11 15:25:22,992 - [SearchAgent] WARNING: Semantic Scholar API 限流 (429)，第 2 次重试，等待 2.0 秒...
2026-03-11 15:25:25,628 - [SearchAgent] WARNING: Semantic Scholar API 限流 (429)，第 3 次重试，等待 4.0 秒...
2026-03-11 15:25:29,629 - [SearchAgent] ERROR: Semantic Scholar API: 达到最大重试次数 3，放弃
2026-03-11 15:25:30,288 - [SearchAgent] WARNING: Semantic Scholar API 限流 (429)，第 1 次重试，等待 1.0 秒...
2026-03-11 15:25:31,957 - [SearchAgent] WARNING: Semantic Scholar API 限流 (429)，第 2 次重试，等待 2.0 秒...
2026-03-11 15:25:34,583 - [SearchAgent] WARNING: Semantic Scholar API 限流 (429)，第 3 次重试，等待 4.0 秒...
2026-03-11 15:25:38,584 - [SearchAgent] ERROR: Semantic Scholar API: 达到最大重试次数 3，放弃
2026-03-11 15:25:38,686 - [SearchAgent] INFO: [Search Agent] 引用数据获取完成，成功增强 6 篇论文
2026-03-11 15:25:38,688 - [SearchAgent] INFO: [Search Agent] 论文已保存至: d:\work\code\PaperAutoReader\data\raw_papers\2026-03-11.json
